Using pre-set license
Built from '2022.2/staging' branch; Version is '2022.2.9f1 (1cc571a6ec95) revision 1885553'; Using compiler version '192829333'; Build Type 'Release'
OS: 'Windows 11  (10.0.22621) 64bit Core' Language: 'ja' Physical Memory: 16088 MB
BatchMode: 1, IsHumanControllingUs: 0, StartBugReporterOnCrash: 0, Is64bit: 1, IsPro: 1

COMMAND LINE ARGUMENTS:
C:\Program Files\Unity\Hub\Editor\2022.2.9f1\Editor\Unity.exe
-adb2
-batchMode
-noUpm
-name
AssetImportWorker2
-projectPath
C:/Users/81804/OneDrive/ãƒ‡ã‚¹ã‚¯ãƒˆãƒƒãƒ—/bomb/bomb
-logFile
Logs/AssetImportWorker2.log
-srvPort
62456
Successfully changed project path to: C:/Users/81804/OneDrive/ãƒ‡ã‚¹ã‚¯ãƒˆãƒƒãƒ—/bomb/bomb
C:/Users/81804/OneDrive/ãƒ‡ã‚¹ã‚¯ãƒˆãƒƒãƒ—/bomb/bomb
[UnityMemory] Configuration Parameters - Can be set up in boot.config
    "memorysetup-bucket-allocator-granularity=16"
    "memorysetup-bucket-allocator-bucket-count=8"
    "memorysetup-bucket-allocator-block-size=33554432"
    "memorysetup-bucket-allocator-block-count=8"
    "memorysetup-main-allocator-block-size=16777216"
    "memorysetup-thread-allocator-block-size=16777216"
    "memorysetup-gfx-main-allocator-block-size=16777216"
    "memorysetup-gfx-thread-allocator-block-size=16777216"
    "memorysetup-cache-allocator-block-size=4194304"
    "memorysetup-typetree-allocator-block-size=2097152"
    "memorysetup-profiler-bucket-allocator-granularity=16"
    "memorysetup-profiler-bucket-allocator-bucket-count=8"
    "memorysetup-profiler-bucket-allocator-block-size=33554432"
    "memorysetup-profiler-bucket-allocator-block-count=8"
    "memorysetup-profiler-allocator-block-size=16777216"
    "memorysetup-profiler-editor-allocator-block-size=1048576"
    "memorysetup-temp-allocator-size-main=16777216"
    "memorysetup-job-temp-allocator-block-size=2097152"
    "memorysetup-job-temp-allocator-block-size-background=1048576"
    "memorysetup-job-temp-allocator-reduction-small-platforms=262144"
    "memorysetup-temp-allocator-size-background-worker=32768"
    "memorysetup-temp-allocator-size-job-worker=262144"
    "memorysetup-temp-allocator-size-preload-manager=33554432"
    "memorysetup-temp-allocator-size-nav-mesh-worker=65536"
    "memorysetup-temp-allocator-size-audio-worker=65536"
    "memorysetup-temp-allocator-size-cloud-worker=32768"
    "memorysetup-temp-allocator-size-gi-baking-worker=262144"
    "memorysetup-temp-allocator-size-gfx=262144"
Player connection [33756] Host "[IP] 192.168.3.9 [Port] 0 [Flags] 2 [Guid] 1678284586 [EditorId] 1678284586 [Version] 1048832 [Id] WindowsEditor(7,‚Ù‚è‚é‚ñ) [Debug] 1 [PackageName] WindowsEditor [ProjectName] Editor" joined multi-casting on [225.0.0.222:54997]...

Player connection [33756] Host "[IP] 192.168.3.9 [Port] 0 [Flags] 2 [Guid] 1678284586 [EditorId] 1678284586 [Version] 1048832 [Id] WindowsEditor(7,‚Ù‚è‚é‚ñ) [Debug] 1 [PackageName] WindowsEditor [ProjectName] Editor" joined alternative multi-casting on [225.0.0.222:34997]...

Refreshing native plugins compatible for Editor in 15.80 ms, found 3 plugins.
Preloading 0 native plugins for Editor in 0.00 ms.
Initialize engine version: 2022.2.9f1 (1cc571a6ec95)
[Subsystems] Discovering subsystems at path C:/Program Files/Unity/Hub/Editor/2022.2.9f1/Editor/Data/Resources/UnitySubsystems
[Subsystems] Discovering subsystems at path C:/Users/81804/OneDrive/ãƒ‡ã‚¹ã‚¯ãƒˆãƒƒãƒ—/bomb/bomb/Assets
GfxDevice: creating device client; threaded=0; jobified=0
Direct3D:
    Version:  Direct3D 11.0 [level 11.1]
    Renderer: NVIDIA GeForce RTX 3060 Laptop GPU (ID=0x2520)
    Vendor:   NVIDIA
    VRAM:     6023 MB
    Driver:   30.0.15.1165
Initialize mono
Mono path[0] = 'C:/Program Files/Unity/Hub/Editor/2022.2.9f1/Editor/Data/Managed'
Mono path[1] = 'C:/Program Files/Unity/Hub/Editor/2022.2.9f1/Editor/Data/MonoBleedingEdge/lib/mono/unityjit-win32'
Mono config path = 'C:/Program Files/Unity/Hub/Editor/2022.2.9f1/Editor/Data/MonoBleedingEdge/etc'
Using monoOptions --debugger-agent=transport=dt_socket,embedding=1,server=y,suspend=n,address=127.0.0.1:56916
Begin MonoManager ReloadAssembly
Registering precompiled unity dll's ...
Register platform support module: C:/Program Files/Unity/Hub/Editor/2022.2.9f1/Editor/Data/PlaybackEngines/WindowsStandaloneSupport/UnityEditor.WindowsStandalone.Extensions.dll
Registered in 0.005772 seconds.
- Loaded All Assemblies, in  0.270 seconds
Native extension for WindowsStandalone target not found
Mono: successfully reloaded assembly
- Finished resetting the current domain, in  0.224 seconds
Domain Reload Profiling:
	ReloadAssembly (170ms)
		BeginReloadAssembly (88ms)
			ExecutionOrderSort (0ms)
			DisableScriptedObjects (0ms)
			BackupInstance (0ms)
			ReleaseScriptingObjects (0ms)
			CreateAndSetChildDomain (1ms)
		LoadAllAssembliesAndSetupDomain (0ms)
			LoadAssemblies (86ms)
			RebuildTransferFunctionScriptingTraits (0ms)
			SetupTypeCache (96ms)
				TypeCache.Initialize (95ms)
					TypeCache.ScanAssembly (94ms)
				ResolveRequiredComponents (1ms)
		FinalizeReload (0ms)
			ReleaseScriptCaches (0ms)
			RebuildScriptCaches (0ms)
			SetupLoadedEditorAssemblies (175ms)
				LogAssemblyErrors (0ms)
				InitializePlatformSupportModulesInManaged (7ms)
				SetLoadedEditorAssemblies (7ms)
				RefreshPlugins (0ms)
				BeforeProcessingInitializeOnLoad (1ms)
				ProcessInitializeOnLoadAttributes (117ms)
				ProcessInitializeOnLoadMethodAttributes (42ms)
				AfterProcessingInitializeOnLoad (0ms)
				EditorAssembliesLoaded (0ms)
			ExecutionOrderSort2 (0ms)
			AwakeInstancesAfterBackupRestoration (0ms)
========================================================================
Worker process is ready to serve import requests
Begin MonoManager ReloadAssembly
Symbol file LoadedFromMemory doesn't match image C:\Users\81804\OneDrive\ãƒ‡ã‚¹ã‚¯ãƒˆãƒƒãƒ—\bomb\bomb\Library\PackageCache\com.unity.visualscripting@1.8.0\Editor\VisualScripting.Core\Dependencies\YamlDotNet\Unity.VisualScripting.YamlDotNet.dll
Symbol file LoadedFromMemory doesn't match image C:\Users\81804\OneDrive\ãƒ‡ã‚¹ã‚¯ãƒˆãƒƒãƒ—\bomb\bomb\Library\PackageCache\com.unity.visualscripting@1.8.0\Editor\VisualScripting.Core\Dependencies\DotNetZip\Unity.VisualScripting.IonicZip.dll
- Loaded All Assemblies, in  1.301 seconds
Refreshing native plugins compatible for Editor in 1.97 ms, found 3 plugins.
Native extension for WindowsStandalone target not found
Mono: successfully reloaded assembly
- Finished resetting the current domain, in  0.404 seconds
Domain Reload Profiling:
	ReloadAssembly (167ms)
		BeginReloadAssembly (101ms)
			ExecutionOrderSort (0ms)
			DisableScriptedObjects (4ms)
			BackupInstance (0ms)
			ReleaseScriptingObjects (0ms)
			CreateAndSetChildDomain (18ms)
		LoadAllAssembliesAndSetupDomain (1133ms)
			LoadAssemblies (947ms)
			RebuildTransferFunctionScriptingTraits (0ms)
			SetupTypeCache (235ms)
				TypeCache.Initialize (219ms)
					TypeCache.ScanAssembly (215ms)
				ResolveRequiredComponents (3ms)
		FinalizeReload (0ms)
			ReleaseScriptCaches (0ms)
			RebuildScriptCaches (0ms)
			SetupLoadedEditorAssemblies (287ms)
				LogAssemblyErrors (0ms)
				InitializePlatformSupportModulesInManaged (4ms)
				SetLoadedEditorAssemblies (5ms)
				RefreshPlugins (0ms)
				BeforeProcessingInitializeOnLoad (66ms)
				ProcessInitializeOnLoadAttributes (194ms)
				ProcessInitializeOnLoadMethodAttributes (15ms)
				AfterProcessingInitializeOnLoad (4ms)
				EditorAssembliesLoaded (0ms)
			ExecutionOrderSort2 (0ms)
			AwakeInstancesAfterBackupRestoration (5ms)
Launched and connected shader compiler UnityShaderCompiler.exe after 0.06 seconds
Refreshing native plugins compatible for Editor in 1.88 ms, found 3 plugins.
Preloading 0 native plugins for Editor in 0.00 ms.
Unloading 3110 Unused Serialized files (Serialized files now loaded: 0)
Unloading 31 unused Assets / (66.8 KB). Loaded Objects now: 3576.
Memory consumption went from 486.5 MB to 486.5 MB.
Total: 2.811600 ms (FindLiveObjects: 0.195800 ms CreateObjectMapping: 0.079500 ms MarkObjects: 2.421500 ms  DeleteObjects: 0.113900 ms)

AssetImportParameters requested are different than current active one (requested -> active):
  custom:container-demuxer-ogg: 62fdf1f143b41e24485cea50d1cbac27 -> 
  custom:video-decoder-ogg-theora: a1e56fd34408186e4bbccfd4996cb3dc -> 
  custom:framework-win-MediaFoundation: 216162199b28c13a410421893ffa2e32 -> 
  custom:container-demuxer-webm: 4f35f7cbe854078d1ac9338744f61a02 -> 
  custom:container-muxer-webm: aa71ff27fc2769a1b78a27578f13a17b -> 
  custom:video-decoder-webm-vp8: 9c59270c3fd7afecdb556c50c9e8de78 -> 
  custom:AudioImporter_EditorPlatform: d09bf68614088b80899f8185d706f6e7 -> 
  custom:video-encoder-webm-vp8: eb34c28f22e8b96e1ab97ce403110664 -> 
  custom:audio-decoder-ogg-vorbis: bf7c407c2cedff20999df2af8eb42d56 -> 
  custom:audio-encoder-webm-vorbis: bf7c407c2cedff20999df2af8eb42d56 -> 
========================================================================
Received Import Request.
  Time since last request: 245006.714467 seconds.
  path: Assets/Resource/Font/cooltext440248108976049.png
  artifactKey: Guid(cfb9cd6518b8e1b4d843de52f8e12737) Importer(815301076,1909f56bfc062723c751e8b465ee728b)
Start importing Assets/Resource/Font/cooltext440248108976049.png using Guid(cfb9cd6518b8e1b4d843de52f8e12737) Importer(815301076,1909f56bfc062723c751e8b465ee728b)  -> (artifact id: '65f187192924ab5bd30298fd42d35eac') in 0.139616 seconds 
Number of updated asset objects reloaded before import = 0
Number of asset objects unloaded after import = 3
========================================================================
Received Import Request.
  Time since last request: 0.000033 seconds.
  path: Assets/Resource/Font/cooltext440248208333894.png
  artifactKey: Guid(9d75f17fc4e77124aa4fa6da5a07ffcf) Importer(815301076,1909f56bfc062723c751e8b465ee728b)
Start importing Assets/Resource/Font/cooltext440248208333894.png using Guid(9d75f17fc4e77124aa4fa6da5a07ffcf) Importer(815301076,1909f56bfc062723c751e8b465ee728b)  -> (artifact id: 'ca89a2fde2e08bd63b014df84161a337') in 0.031357 seconds 
Number of updated asset objects reloaded before import = 0
Number of asset objects unloaded after import = 3
========================================================================
Received Import Request.
  Time since last request: 191.911170 seconds.
  path: Assets/Resource/Font/cooltext440248160239406 1.png
  artifactKey: Guid(fd89c0ca7a8a87841be40cebe5b6d2c8) Importer(815301076,1909f56bfc062723c751e8b465ee728b)
Start importing Assets/Resource/Font/cooltext440248160239406 1.png using Guid(fd89c0ca7a8a87841be40cebe5b6d2c8) Importer(815301076,1909f56bfc062723c751e8b465ee728b)  -> (artifact id: 'e9c98f354bebe1a5e0e631b979c228ec') in 0.047743 seconds 
Number of updated asset objects reloaded before import = 0
Number of asset objects unloaded after import = 3
========================================================================
Received Import Request.
  Time since last request: 0.003297 seconds.
  path: Assets/Resource/Font/cooltext440248222636184 1.png
  artifactKey: Guid(d49503b32311ca4429a5beec7acc7b80) Importer(815301076,1909f56bfc062723c751e8b465ee728b)
Start importing Assets/Resource/Font/cooltext440248222636184 1.png using Guid(d49503b32311ca4429a5beec7acc7b80) Importer(815301076,1909f56bfc062723c751e8b465ee728b)  -> (artifact id: '8725c5f5de7faeb3f21cfcd00cb7f9cf') in 0.027091 seconds 
Number of updated asset objects reloaded before import = 0
Number of asset objects unloaded after import = 3
========================================================================
Received Import Request.
  Time since last request: 0.000142 seconds.
  path: Assets/Resource/Font/cooltext440248263230030 1.png
  artifactKey: Guid(c7c341f200f71394795fbfb3633d7987) Importer(815301076,1909f56bfc062723c751e8b465ee728b)
Start importing Assets/Resource/Font/cooltext440248263230030 1.png using Guid(c7c341f200f71394795fbfb3633d7987) Importer(815301076,1909f56bfc062723c751e8b465ee728b)  -> (artifact id: 'bc06b752cc6101d93762afdc4b477494') in 0.043104 seconds 
Number of updated asset objects reloaded before import = 0
Number of asset objects unloaded after import = 3
========================================================================
Received Import Request.
  Time since last request: 1.048531 seconds.
  path: Assets/Resource/Font/cooltext440248108976049 1.png
  artifactKey: Guid(c1340bd2d1985ae46bbdd94f0f2ffa87) Importer(815301076,1909f56bfc062723c751e8b465ee728b)
Start importing Assets/Resource/Font/cooltext440248108976049 1.png using Guid(c1340bd2d1985ae46bbdd94f0f2ffa87) Importer(815301076,1909f56bfc062723c751e8b465ee728b)  -> (artifact id: '6c2027f8d4864457552f4ffa81d77a37') in 0.027532 seconds 
Number of updated asset objects reloaded before import = 0
Number of asset objects unloaded after import = 3
========================================================================
Received Import Request.
  Time since last request: 0.000387 seconds.
  path: Assets/Resource/Font/cooltext440248124162620 1.png
  artifactKey: Guid(05268cea9f469b14882dd1950cf84535) Importer(815301076,1909f56bfc062723c751e8b465ee728b)
Start importing Assets/Resource/Font/cooltext440248124162620 1.png using Guid(05268cea9f469b14882dd1950cf84535) Importer(815301076,1909f56bfc062723c751e8b465ee728b)  -> (artifact id: '52b4e63766d0c8cb64e07c8682b0c0a7') in 0.022931 seconds 
Number of updated asset objects reloaded before import = 0
Number of asset objects unloaded after import = 3
========================================================================
Received Import Request.
  Time since last request: 120.670419 seconds.
  path: Assets/Resource/Font/cooltext440248489461500.png
  artifactKey: Guid(0e33604cd6a43624087be3aa5ada36db) Importer(815301076,1909f56bfc062723c751e8b465ee728b)
Start importing Assets/Resource/Font/cooltext440248489461500.png using Guid(0e33604cd6a43624087be3aa5ada36db) Importer(815301076,1909f56bfc062723c751e8b465ee728b)  -> (artifact id: '84c98dfb91369fadc985e673c70a7bb2') in 0.027403 seconds 
Number of updated asset objects reloaded before import = 0
Number of asset objects unloaded after import = 2
========================================================================
Received Import Request.
  Time since last request: 13.220573 seconds.
  path: Assets/Resource/Font/cooltext440248489461500.png
  artifactKey: Guid(0e33604cd6a43624087be3aa5ada36db) Importer(815301076,1909f56bfc062723c751e8b465ee728b)
Start importing Assets/Resource/Font/cooltext440248489461500.png using Guid(0e33604cd6a43624087be3aa5ada36db) Importer(815301076,1909f56bfc062723c751e8b465ee728b)  -> (artifact id: '2b3bedb29c565b4f63c0b7941394f36c') in 0.027194 seconds 
Number of updated asset objects reloaded before import = 0
Number of asset objects unloaded after import = 3
========================================================================
Received Import Request.
  Time since last request: 93.485485 seconds.
  path: Assets/Resource/Font/cooltext440248489461500.png
  artifactKey: Guid(0e33604cd6a43624087be3aa5ada36db) Importer(815301076,1909f56bfc062723c751e8b465ee728b)
Start importing Assets/Resource/Font/cooltext440248489461500.png using Guid(0e33604cd6a43624087be3aa5ada36db) Importer(815301076,1909f56bfc062723c751e8b465ee728b)  -> (artifact id: '3ee43bbc64fab9d29f258b8a5151f038') in 0.029153 seconds 
Number of updated asset objects reloaded before import = 0
Number of asset objects unloaded after import = 3
========================================================================
Received Import Request.
  Time since last request: 65.404800 seconds.
  path: Assets/Resource/Font/cooltext440248568192690.png
  artifactKey: Guid(30a6edfb49df5644cbfffa9dabd249b5) Importer(815301076,1909f56bfc062723c751e8b465ee728b)
Start importing Assets/Resource/Font/cooltext440248568192690.png using Guid(30a6edfb49df5644cbfffa9dabd249b5) Importer(815301076,1909f56bfc062723c751e8b465ee728b)  -> (artifact id: 'dc17f83be3506d8434d7077b50a9d943') in 0.030669 seconds 
Number of updated asset objects reloaded before import = 0
Number of asset objects unloaded after import = 2
========================================================================
Received Import Request.
  Time since last request: 7.942625 seconds.
  path: Assets/Resource/Font/cooltext440248568192690.png
  artifactKey: Guid(30a6edfb49df5644cbfffa9dabd249b5) Importer(815301076,1909f56bfc062723c751e8b465ee728b)
Start importing Assets/Resource/Font/cooltext440248568192690.png using Guid(30a6edfb49df5644cbfffa9dabd249b5) Importer(815301076,1909f56bfc062723c751e8b465ee728b)  -> (artifact id: 'b961887681e27d39c0c9ba6766709ae1') in 0.028404 seconds 
Number of updated asset objects reloaded before import = 0
Number of asset objects unloaded after import = 3
========================================================================
Received Import Request.
  Time since last request: 28.714750 seconds.
  path: Assets/Resource/Font/cooltext440248568192690.png
  artifactKey: Guid(30a6edfb49df5644cbfffa9dabd249b5) Importer(815301076,1909f56bfc062723c751e8b465ee728b)
Start importing Assets/Resource/Font/cooltext440248568192690.png using Guid(30a6edfb49df5644cbfffa9dabd249b5) Importer(815301076,1909f56bfc062723c751e8b465ee728b)  -> (artifact id: '3f2c24c22aba2cd512a79f49d606f039') in 0.028482 seconds 
Number of updated asset objects reloaded before import = 0
Number of asset objects unloaded after import = 3
========================================================================
Received Import Request.
  Time since last request: 48.982653 seconds.
  path: Assets/Resource/Font/cooltext440248568192690 1.png
  artifactKey: Guid(917f91f165231d5438b66f6e83197ecc) Importer(815301076,1909f56bfc062723c751e8b465ee728b)
Start importing Assets/Resource/Font/cooltext440248568192690 1.png using Guid(917f91f165231d5438b66f6e83197ecc) Importer(815301076,1909f56bfc062723c751e8b465ee728b)  -> (artifact id: '1caf207e83c81e6b545e70bea54a2e58') in 0.008970 seconds 
Number of updated asset objects reloaded before import = 0
Number of asset objects unloaded after import = 2
========================================================================
Received Import Request.
  Time since last request: 15.341079 seconds.
  path: Assets/Resource/Font/cooltext440248568192690 1.png
  artifactKey: Guid(917f91f165231d5438b66f6e83197ecc) Importer(815301076,1909f56bfc062723c751e8b465ee728b)
Start importing Assets/Resource/Font/cooltext440248568192690 1.png using Guid(917f91f165231d5438b66f6e83197ecc) Importer(815301076,1909f56bfc062723c751e8b465ee728b)  -> (artifact id: 'acb8edcb269b9e8c782b2051cf6eadbb') in 0.024869 seconds 
Number of updated asset objects reloaded before import = 0
Number of asset objects unloaded after import = 3
========================================================================
Received Import Request.
  Time since last request: 19.022870 seconds.
  path: Assets/Resource/Font/title.png
  artifactKey: Guid(917f91f165231d5438b66f6e83197ecc) Importer(815301076,1909f56bfc062723c751e8b465ee728b)
Start importing Assets/Resource/Font/title.png using Guid(917f91f165231d5438b66f6e83197ecc) Importer(815301076,1909f56bfc062723c751e8b465ee728b)  -> (artifact id: '36d5cac59d7cd05bed8907764aab6422') in 0.028581 seconds 
Number of updated asset objects reloaded before import = 0
Number of asset objects unloaded after import = 3
========================================================================
Received Import Request.
  Time since last request: 14.201353 seconds.
  path: Assets/Resource/Word
  artifactKey: Guid(6c812dd5b6e484440a8b715ee2cdcb98) Importer(815301076,1909f56bfc062723c751e8b465ee728b)
Start importing Assets/Resource/Word using Guid(6c812dd5b6e484440a8b715ee2cdcb98) Importer(815301076,1909f56bfc062723c751e8b465ee728b)  -> (artifact id: '2f99993f7e99db0123329ee050d66570') in 0.000473 seconds 
Number of updated asset objects reloaded before import = 9
Number of asset objects unloaded after import = 0
========================================================================
Received Prepare
Begin MonoManager ReloadAssembly
Symbol file LoadedFromMemory doesn't match image C:\Users\81804\OneDrive\ãƒ‡ã‚¹ã‚¯ãƒˆãƒƒãƒ—\bomb\bomb\Library\PackageCache\com.unity.visualscripting@1.8.0\Editor\VisualScripting.Core\Dependencies\YamlDotNet\Unity.VisualScripting.YamlDotNet.dll
Symbol file LoadedFromMemory doesn't match image C:\Users\81804\OneDrive\ãƒ‡ã‚¹ã‚¯ãƒˆãƒƒãƒ—\bomb\bomb\Library\PackageCache\com.unity.visualscripting@1.8.0\Editor\VisualScripting.Core\Dependencies\DotNetZip\Unity.VisualScripting.IonicZip.dll
- Loaded All Assemblies, in  0.625 seconds
Refreshing native plugins compatible for Editor in 2.82 ms, found 3 plugins.
Native extension for WindowsStandalone target not found
Mono: successfully reloaded assembly
- Finished resetting the current domain, in  0.760 seconds
Domain Reload Profiling:
	ReloadAssembly (189ms)
		BeginReloadAssembly (131ms)
			ExecutionOrderSort (0ms)
			DisableScriptedObjects (5ms)
			BackupInstance (0ms)
			ReleaseScriptingObjects (0ms)
			CreateAndSetChildDomain (37ms)
		LoadAllAssembliesAndSetupDomain (436ms)
			LoadAssemblies (234ms)
			RebuildTransferFunctionScriptingTraits (0ms)
			SetupTypeCache (258ms)
				TypeCache.Initialize (247ms)
					TypeCache.ScanAssembly (242ms)
				ResolveRequiredComponents (8ms)
		FinalizeReload (0ms)
			ReleaseScriptCaches (0ms)
			RebuildScriptCaches (0ms)
			SetupLoadedEditorAssemblies (282ms)
				LogAssemblyErrors (0ms)
				InitializePlatformSupportModulesInManaged (5ms)
				SetLoadedEditorAssemblies (5ms)
				RefreshPlugins (0ms)
				BeforeProcessingInitializeOnLoad (75ms)
				ProcessInitializeOnLoadAttributes (178ms)
				ProcessInitializeOnLoadMethodAttributes (15ms)
				AfterProcessingInitializeOnLoad (4ms)
				EditorAssembliesLoaded (0ms)
			ExecutionOrderSort2 (0ms)
			AwakeInstancesAfterBackupRestoration (5ms)
Refreshing native plugins compatible for Editor in 2.16 ms, found 3 plugins.
Preloading 0 native plugins for Editor in 0.00 ms.
Unloading 3089 Unused Serialized files (Serialized files now loaded: 0)
Unloading 22 unused Assets / (30.6 KB). Loaded Objects now: 3592.
Memory consumption went from 486.4 MB to 486.3 MB.
Total: 3.077400 ms (FindLiveObjects: 0.212100 ms CreateObjectMapping: 0.090500 ms MarkObjects: 2.732300 ms  DeleteObjects: 0.041400 ms)

Prepare: number of updated asset objects reloaded= 0
AssetImportParameters requested are different than current active one (requested -> active):
  custom:container-demuxer-ogg: 62fdf1f143b41e24485cea50d1cbac27 -> 
  custom:video-decoder-ogg-theora: a1e56fd34408186e4bbccfd4996cb3dc -> 
  custom:framework-win-MediaFoundation: 216162199b28c13a410421893ffa2e32 -> 
  custom:container-demuxer-webm: 4f35f7cbe854078d1ac9338744f61a02 -> 
  custom:container-muxer-webm: aa71ff27fc2769a1b78a27578f13a17b -> 
  custom:video-decoder-webm-vp8: 9c59270c3fd7afecdb556c50c9e8de78 -> 
  custom:AudioImporter_EditorPlatform: d09bf68614088b80899f8185d706f6e7 -> 
  custom:video-encoder-webm-vp8: eb34c28f22e8b96e1ab97ce403110664 -> 
  custom:audio-decoder-ogg-vorbis: bf7c407c2cedff20999df2af8eb42d56 -> 
  custom:audio-encoder-webm-vorbis: bf7c407c2cedff20999df2af8eb42d56 -> 
========================================================================
Received Import Request.
  Time since last request: 83.214931 seconds.
  path: Assets/Resource/Word/cooltext440248695886432.png
  artifactKey: Guid(54704e3fe188c684f8dc0369b3adb5c6) Importer(815301076,1909f56bfc062723c751e8b465ee728b)
Start importing Assets/Resource/Word/cooltext440248695886432.png using Guid(54704e3fe188c684f8dc0369b3adb5c6) Importer(815301076,1909f56bfc062723c751e8b465ee728b)  -> (artifact id: '757cfbe23aa9f8fdb2da4cb838a3bc34') in 0.063693 seconds 
Number of updated asset objects reloaded before import = 0
Number of asset objects unloaded after import = 2
========================================================================
Received Import Request.
  Time since last request: 7.880914 seconds.
  path: Assets/Resource/Word/cooltext440248695886432.png
  artifactKey: Guid(54704e3fe188c684f8dc0369b3adb5c6) Importer(815301076,1909f56bfc062723c751e8b465ee728b)
Start importing Assets/Resource/Word/cooltext440248695886432.png using Guid(54704e3fe188c684f8dc0369b3adb5c6) Importer(815301076,1909f56bfc062723c751e8b465ee728b)  -> (artifact id: '206514c277fbbe039b11d5be1a64e7c9') in 0.039516 seconds 
Number of updated asset objects reloaded before import = 0
Number of asset objects unloaded after import = 3
========================================================================
Received Import Request.
  Time since last request: 244.398575 seconds.
  path: Assets/Resource/Word/cooltext440248836007342.png
  artifactKey: Guid(722e77cc4a58d0c4d87d1ba6348669f0) Importer(815301076,1909f56bfc062723c751e8b465ee728b)
Start importing Assets/Resource/Word/cooltext440248836007342.png using Guid(722e77cc4a58d0c4d87d1ba6348669f0) Importer(815301076,1909f56bfc062723c751e8b465ee728b)  -> (artifact id: '8307e44e8e45db8898a7795235d28bde') in 0.022622 seconds 
Number of updated asset objects reloaded before import = 0
Number of asset objects unloaded after import = 2
========================================================================
Received Import Request.
  Time since last request: 10.978446 seconds.
  path: Assets/Resource/Word/cooltext440248836007342.png
  artifactKey: Guid(722e77cc4a58d0c4d87d1ba6348669f0) Importer(815301076,1909f56bfc062723c751e8b465ee728b)
Start importing Assets/Resource/Word/cooltext440248836007342.png using Guid(722e77cc4a58d0c4d87d1ba6348669f0) Importer(815301076,1909f56bfc062723c751e8b465ee728b)  -> (artifact id: 'baba93fb25cd98785fcd62c8b8741e09') in 0.030148 seconds 
Number of updated asset objects reloaded before import = 0
Number of asset objects unloaded after import = 3
