Using pre-set license
Built from '2022.2/staging' branch; Version is '2022.2.9f1 (1cc571a6ec95) revision 1885553'; Using compiler version '192829333'; Build Type 'Release'
OS: 'Windows 11  (10.0.22621) 64bit Core' Language: 'ja' Physical Memory: 16088 MB
BatchMode: 1, IsHumanControllingUs: 0, StartBugReporterOnCrash: 0, Is64bit: 1, IsPro: 1

COMMAND LINE ARGUMENTS:
C:\Program Files\Unity\Hub\Editor\2022.2.9f1\Editor\Unity.exe
-adb2
-batchMode
-noUpm
-name
AssetImportWorker1
-projectPath
C:/Users/81804/OneDrive/ãƒ‡ã‚¹ã‚¯ãƒˆãƒƒãƒ—/bomb/bomb
-logFile
Logs/AssetImportWorker1.log
-srvPort
63237
Successfully changed project path to: C:/Users/81804/OneDrive/ãƒ‡ã‚¹ã‚¯ãƒˆãƒƒãƒ—/bomb/bomb
C:/Users/81804/OneDrive/ãƒ‡ã‚¹ã‚¯ãƒˆãƒƒãƒ—/bomb/bomb
[UnityMemory] Configuration Parameters - Can be set up in boot.config
    "memorysetup-bucket-allocator-granularity=16"
    "memorysetup-bucket-allocator-bucket-count=8"
    "memorysetup-bucket-allocator-block-size=33554432"
    "memorysetup-bucket-allocator-block-count=8"
    "memorysetup-main-allocator-block-size=16777216"
    "memorysetup-thread-allocator-block-size=16777216"
    "memorysetup-gfx-main-allocator-block-size=16777216"
    "memorysetup-gfx-thread-allocator-block-size=16777216"
    "memorysetup-cache-allocator-block-size=4194304"
    "memorysetup-typetree-allocator-block-size=2097152"
    "memorysetup-profiler-bucket-allocator-granularity=16"
    "memorysetup-profiler-bucket-allocator-bucket-count=8"
    "memorysetup-profiler-bucket-allocator-block-size=33554432"
    "memorysetup-profiler-bucket-allocator-block-count=8"
    "memorysetup-profiler-allocator-block-size=16777216"
    "memorysetup-profiler-editor-allocator-block-size=1048576"
    "memorysetup-temp-allocator-size-main=16777216"
    "memorysetup-job-temp-allocator-block-size=2097152"
    "memorysetup-job-temp-allocator-block-size-background=1048576"
    "memorysetup-job-temp-allocator-reduction-small-platforms=262144"
    "memorysetup-temp-allocator-size-background-worker=32768"
    "memorysetup-temp-allocator-size-job-worker=262144"
    "memorysetup-temp-allocator-size-preload-manager=33554432"
    "memorysetup-temp-allocator-size-nav-mesh-worker=65536"
    "memorysetup-temp-allocator-size-audio-worker=65536"
    "memorysetup-temp-allocator-size-cloud-worker=32768"
    "memorysetup-temp-allocator-size-gi-baking-worker=262144"
    "memorysetup-temp-allocator-size-gfx=262144"
Player connection [19696] Host "[IP] 192.168.3.15 [Port] 0 [Flags] 2 [Guid] 904344117 [EditorId] 904344117 [Version] 1048832 [Id] WindowsEditor(7,‚Ù‚è‚é‚ñ) [Debug] 1 [PackageName] WindowsEditor [ProjectName] Editor" joined multi-casting on [225.0.0.222:54997]...

Player connection [19696] Host "[IP] 192.168.3.15 [Port] 0 [Flags] 2 [Guid] 904344117 [EditorId] 904344117 [Version] 1048832 [Id] WindowsEditor(7,‚Ù‚è‚é‚ñ) [Debug] 1 [PackageName] WindowsEditor [ProjectName] Editor" joined alternative multi-casting on [225.0.0.222:34997]...

Refreshing native plugins compatible for Editor in 254.14 ms, found 3 plugins.
Preloading 0 native plugins for Editor in 0.00 ms.
Initialize engine version: 2022.2.9f1 (1cc571a6ec95)
[Subsystems] Discovering subsystems at path C:/Program Files/Unity/Hub/Editor/2022.2.9f1/Editor/Data/Resources/UnitySubsystems
[Subsystems] Discovering subsystems at path C:/Users/81804/OneDrive/ãƒ‡ã‚¹ã‚¯ãƒˆãƒƒãƒ—/bomb/bomb/Assets
GfxDevice: creating device client; threaded=0; jobified=0
Direct3D:
    Version:  Direct3D 11.0 [level 11.1]
    Renderer: NVIDIA GeForce RTX 3060 Laptop GPU (ID=0x2520)
    Vendor:   NVIDIA
    VRAM:     6023 MB
    Driver:   30.0.15.1165
Initialize mono
Mono path[0] = 'C:/Program Files/Unity/Hub/Editor/2022.2.9f1/Editor/Data/Managed'
Mono path[1] = 'C:/Program Files/Unity/Hub/Editor/2022.2.9f1/Editor/Data/MonoBleedingEdge/lib/mono/unityjit-win32'
Mono config path = 'C:/Program Files/Unity/Hub/Editor/2022.2.9f1/Editor/Data/MonoBleedingEdge/etc'
Using monoOptions --debugger-agent=transport=dt_socket,embedding=1,server=y,suspend=n,address=127.0.0.1:56368
Begin MonoManager ReloadAssembly
Registering precompiled unity dll's ...
Register platform support module: C:/Program Files/Unity/Hub/Editor/2022.2.9f1/Editor/Data/PlaybackEngines/WindowsStandaloneSupport/UnityEditor.WindowsStandalone.Extensions.dll
Registered in 0.007525 seconds.
- Loaded All Assemblies, in  0.377 seconds
Native extension for WindowsStandalone target not found
Mono: successfully reloaded assembly
- Finished resetting the current domain, in  0.346 seconds
Domain Reload Profiling:
	ReloadAssembly (230ms)
		BeginReloadAssembly (112ms)
			ExecutionOrderSort (0ms)
			DisableScriptedObjects (0ms)
			BackupInstance (0ms)
			ReleaseScriptingObjects (0ms)
			CreateAndSetChildDomain (1ms)
		LoadAllAssembliesAndSetupDomain (0ms)
			LoadAssemblies (110ms)
			RebuildTransferFunctionScriptingTraits (0ms)
			SetupTypeCache (139ms)
				TypeCache.Initialize (137ms)
					TypeCache.ScanAssembly (136ms)
				ResolveRequiredComponents (1ms)
		FinalizeReload (0ms)
			ReleaseScriptCaches (0ms)
			RebuildScriptCaches (0ms)
			SetupLoadedEditorAssemblies (273ms)
				LogAssemblyErrors (0ms)
				InitializePlatformSupportModulesInManaged (13ms)
				SetLoadedEditorAssemblies (12ms)
				RefreshPlugins (0ms)
				BeforeProcessingInitializeOnLoad (1ms)
				ProcessInitializeOnLoadAttributes (184ms)
				ProcessInitializeOnLoadMethodAttributes (63ms)
				AfterProcessingInitializeOnLoad (0ms)
				EditorAssembliesLoaded (0ms)
			ExecutionOrderSort2 (0ms)
			AwakeInstancesAfterBackupRestoration (0ms)
========================================================================
Worker process is ready to serve import requests
Begin MonoManager ReloadAssembly
Symbol file LoadedFromMemory doesn't match image C:\Users\81804\OneDrive\ãƒ‡ã‚¹ã‚¯ãƒˆãƒƒãƒ—\bomb\bomb\Library\PackageCache\com.unity.visualscripting@1.8.0\Editor\VisualScripting.Core\Dependencies\YamlDotNet\Unity.VisualScripting.YamlDotNet.dll
Symbol file LoadedFromMemory doesn't match image C:\Users\81804\OneDrive\ãƒ‡ã‚¹ã‚¯ãƒˆãƒƒãƒ—\bomb\bomb\Library\PackageCache\com.unity.visualscripting@1.8.0\Editor\VisualScripting.Core\Dependencies\DotNetZip\Unity.VisualScripting.IonicZip.dll
- Loaded All Assemblies, in  1.142 seconds
Refreshing native plugins compatible for Editor in 3.87 ms, found 3 plugins.
Native extension for WindowsStandalone target not found
Mono: successfully reloaded assembly
- Finished resetting the current domain, in  2.674 seconds
Domain Reload Profiling:
	ReloadAssembly (316ms)
		BeginReloadAssembly (188ms)
			ExecutionOrderSort (0ms)
			DisableScriptedObjects (8ms)
			BackupInstance (0ms)
			ReleaseScriptingObjects (0ms)
			CreateAndSetChildDomain (29ms)
		LoadAllAssembliesAndSetupDomain (824ms)
			LoadAssemblies (447ms)
			RebuildTransferFunctionScriptingTraits (0ms)
			SetupTypeCache (463ms)
				TypeCache.Initialize (423ms)
					TypeCache.ScanAssembly (418ms)
				ResolveRequiredComponents (13ms)
		FinalizeReload (0ms)
			ReleaseScriptCaches (0ms)
			RebuildScriptCaches (0ms)
			SetupLoadedEditorAssemblies (2328ms)
				LogAssemblyErrors (0ms)
				InitializePlatformSupportModulesInManaged (9ms)
				SetLoadedEditorAssemblies (9ms)
				RefreshPlugins (0ms)
				BeforeProcessingInitializeOnLoad (473ms)
				ProcessInitializeOnLoadAttributes (1678ms)
				ProcessInitializeOnLoadMethodAttributes (147ms)
				AfterProcessingInitializeOnLoad (11ms)
				EditorAssembliesLoaded (0ms)
			ExecutionOrderSort2 (0ms)
			AwakeInstancesAfterBackupRestoration (19ms)
Launched and connected shader compiler UnityShaderCompiler.exe after 0.10 seconds
Refreshing native plugins compatible for Editor in 9.17 ms, found 3 plugins.
Preloading 0 native plugins for Editor in 0.00 ms.
Unloading 3153 Unused Serialized files (Serialized files now loaded: 0)
Unloading 34 unused Assets / (66.7 KB). Loaded Objects now: 3619.
Memory consumption went from 492.6 MB to 492.6 MB.
Total: 23.224800 ms (FindLiveObjects: 0.789900 ms CreateObjectMapping: 0.414700 ms MarkObjects: 21.794600 ms  DeleteObjects: 0.223300 ms)

AssetImportParameters requested are different than current active one (requested -> active):
  custom:container-demuxer-ogg: 62fdf1f143b41e24485cea50d1cbac27 -> 
  custom:video-decoder-ogg-theora: a1e56fd34408186e4bbccfd4996cb3dc -> 
  custom:framework-win-MediaFoundation: 216162199b28c13a410421893ffa2e32 -> 
  custom:container-demuxer-webm: 4f35f7cbe854078d1ac9338744f61a02 -> 
  custom:container-muxer-webm: aa71ff27fc2769a1b78a27578f13a17b -> 
  custom:video-decoder-webm-vp8: 9c59270c3fd7afecdb556c50c9e8de78 -> 
  custom:AudioImporter_EditorPlatform: d09bf68614088b80899f8185d706f6e7 -> 
  custom:video-encoder-webm-vp8: eb34c28f22e8b96e1ab97ce403110664 -> 
  custom:audio-decoder-ogg-vorbis: bf7c407c2cedff20999df2af8eb42d56 -> 
  custom:audio-encoder-webm-vorbis: bf7c407c2cedff20999df2af8eb42d56 -> 
========================================================================
Received Import Request.
  Time since last request: 1319488.698274 seconds.
  path: Assets/Resources/Material/BombMaterial.mat
  artifactKey: Guid(18412a876c2069a4b95d4c593e5554eb) Importer(815301076,1909f56bfc062723c751e8b465ee728b)
Start importing Assets/Resources/Material/BombMaterial.mat using Guid(18412a876c2069a4b95d4c593e5554eb) Importer(815301076,1909f56bfc062723c751e8b465ee728b)  -> (artifact id: '131704eae4055e83985be1deda1dec60') in 0.881184 seconds 
Number of updated asset objects reloaded before import = 0
Number of asset objects unloaded after import = 1
========================================================================
Received Prepare
Begin MonoManager ReloadAssembly
Symbol file LoadedFromMemory doesn't match image C:\Users\81804\OneDrive\ãƒ‡ã‚¹ã‚¯ãƒˆãƒƒãƒ—\bomb\bomb\Library\PackageCache\com.unity.visualscripting@1.8.0\Editor\VisualScripting.Core\Dependencies\YamlDotNet\Unity.VisualScripting.YamlDotNet.dll
Symbol file LoadedFromMemory doesn't match image C:\Users\81804\OneDrive\ãƒ‡ã‚¹ã‚¯ãƒˆãƒƒãƒ—\bomb\bomb\Library\PackageCache\com.unity.visualscripting@1.8.0\Editor\VisualScripting.Core\Dependencies\DotNetZip\Unity.VisualScripting.IonicZip.dll
- Loaded All Assemblies, in  4.997 seconds
Refreshing native plugins compatible for Editor in 1.79 ms, found 3 plugins.
Native extension for WindowsStandalone target not found
Mono: successfully reloaded assembly
- Finished resetting the current domain, in 15.841 seconds
Domain Reload Profiling:
	ReloadAssembly (271ms)
		BeginReloadAssembly (209ms)
			ExecutionOrderSort (0ms)
			DisableScriptedObjects (7ms)
			BackupInstance (0ms)
			ReleaseScriptingObjects (0ms)
			CreateAndSetChildDomain (89ms)
		LoadAllAssembliesAndSetupDomain (4725ms)
			LoadAssemblies (4527ms)
			RebuildTransferFunctionScriptingTraits (0ms)
			SetupTypeCache (265ms)
				TypeCache.Initialize (261ms)
					TypeCache.ScanAssembly (253ms)
				ResolveRequiredComponents (4ms)
		FinalizeReload (0ms)
			ReleaseScriptCaches (0ms)
			RebuildScriptCaches (0ms)
			SetupLoadedEditorAssemblies (337ms)
				LogAssemblyErrors (0ms)
				InitializePlatformSupportModulesInManaged (6ms)
				SetLoadedEditorAssemblies (6ms)
				RefreshPlugins (0ms)
				BeforeProcessingInitializeOnLoad (88ms)
				ProcessInitializeOnLoadAttributes (213ms)
				ProcessInitializeOnLoadMethodAttributes (19ms)
				AfterProcessingInitializeOnLoad (5ms)
				EditorAssembliesLoaded (0ms)
			ExecutionOrderSort2 (0ms)
			AwakeInstancesAfterBackupRestoration (6ms)
Refreshing native plugins compatible for Editor in 2.22 ms, found 3 plugins.
Preloading 0 native plugins for Editor in 0.00 ms.
Unloading 3132 Unused Serialized files (Serialized files now loaded: 0)
Unloading 25 unused Assets / (30.6 KB). Loaded Objects now: 3663.
Memory consumption went from 492.8 MB to 492.8 MB.
Total: 3.575600 ms (FindLiveObjects: 0.229000 ms CreateObjectMapping: 0.083600 ms MarkObjects: 3.144300 ms  DeleteObjects: 0.117500 ms)

Prepare: number of updated asset objects reloaded= 0
AssetImportParameters requested are different than current active one (requested -> active):
  custom:container-demuxer-ogg: 62fdf1f143b41e24485cea50d1cbac27 -> 
  custom:video-decoder-ogg-theora: a1e56fd34408186e4bbccfd4996cb3dc -> 
  custom:framework-win-MediaFoundation: 216162199b28c13a410421893ffa2e32 -> 
  custom:container-demuxer-webm: 4f35f7cbe854078d1ac9338744f61a02 -> 
  custom:container-muxer-webm: aa71ff27fc2769a1b78a27578f13a17b -> 
  custom:video-decoder-webm-vp8: 9c59270c3fd7afecdb556c50c9e8de78 -> 
  custom:AudioImporter_EditorPlatform: d09bf68614088b80899f8185d706f6e7 -> 
  custom:video-encoder-webm-vp8: eb34c28f22e8b96e1ab97ce403110664 -> 
  custom:audio-decoder-ogg-vorbis: bf7c407c2cedff20999df2af8eb42d56 -> 
  custom:audio-encoder-webm-vorbis: bf7c407c2cedff20999df2af8eb42d56 -> 
========================================================================
Received Prepare
Begin MonoManager ReloadAssembly
Symbol file LoadedFromMemory doesn't match image C:\Users\81804\OneDrive\ãƒ‡ã‚¹ã‚¯ãƒˆãƒƒãƒ—\bomb\bomb\Library\PackageCache\com.unity.visualscripting@1.8.0\Editor\VisualScripting.Core\Dependencies\YamlDotNet\Unity.VisualScripting.YamlDotNet.dll
Symbol file LoadedFromMemory doesn't match image C:\Users\81804\OneDrive\ãƒ‡ã‚¹ã‚¯ãƒˆãƒƒãƒ—\bomb\bomb\Library\PackageCache\com.unity.visualscripting@1.8.0\Editor\VisualScripting.Core\Dependencies\DotNetZip\Unity.VisualScripting.IonicZip.dll
- Loaded All Assemblies, in  0.616 seconds
Refreshing native plugins compatible for Editor in 1.94 ms, found 3 plugins.
Native extension for WindowsStandalone target not found
Mono: successfully reloaded assembly
- Finished resetting the current domain, in  0.562 seconds
Domain Reload Profiling:
	ReloadAssembly (178ms)
		BeginReloadAssembly (116ms)
			ExecutionOrderSort (0ms)
			DisableScriptedObjects (7ms)
			BackupInstance (0ms)
			ReleaseScriptingObjects (0ms)
			CreateAndSetChildDomain (32ms)
		LoadAllAssembliesAndSetupDomain (436ms)
			LoadAssemblies (247ms)
			RebuildTransferFunctionScriptingTraits (0ms)
			SetupTypeCache (236ms)
				TypeCache.Initialize (231ms)
					TypeCache.ScanAssembly (226ms)
				ResolveRequiredComponents (3ms)
		FinalizeReload (0ms)
			ReleaseScriptCaches (0ms)
			RebuildScriptCaches (0ms)
			SetupLoadedEditorAssemblies (264ms)
				LogAssemblyErrors (0ms)
				InitializePlatformSupportModulesInManaged (5ms)
				SetLoadedEditorAssemblies (5ms)
				RefreshPlugins (0ms)
				BeforeProcessingInitializeOnLoad (72ms)
				ProcessInitializeOnLoadAttributes (165ms)
				ProcessInitializeOnLoadMethodAttributes (13ms)
				AfterProcessingInitializeOnLoad (4ms)
				EditorAssembliesLoaded (0ms)
			ExecutionOrderSort2 (0ms)
			AwakeInstancesAfterBackupRestoration (6ms)
Refreshing native plugins compatible for Editor in 2.11 ms, found 3 plugins.
Preloading 0 native plugins for Editor in 0.00 ms.
Unloading 3134 Unused Serialized files (Serialized files now loaded: 0)
Unloading 25 unused Assets / (37.9 KB). Loaded Objects now: 3667.
Memory consumption went from 493.2 MB to 493.2 MB.
Total: 2.606600 ms (FindLiveObjects: 0.221600 ms CreateObjectMapping: 0.074800 ms MarkObjects: 2.263700 ms  DeleteObjects: 0.046000 ms)

Prepare: number of updated asset objects reloaded= 0
AssetImportParameters requested are different than current active one (requested -> active):
  custom:container-demuxer-ogg: 62fdf1f143b41e24485cea50d1cbac27 -> 
  custom:video-decoder-ogg-theora: a1e56fd34408186e4bbccfd4996cb3dc -> 
  custom:framework-win-MediaFoundation: 216162199b28c13a410421893ffa2e32 -> 
  custom:container-demuxer-webm: 4f35f7cbe854078d1ac9338744f61a02 -> 
  custom:container-muxer-webm: aa71ff27fc2769a1b78a27578f13a17b -> 
  custom:video-decoder-webm-vp8: 9c59270c3fd7afecdb556c50c9e8de78 -> 
  custom:AudioImporter_EditorPlatform: d09bf68614088b80899f8185d706f6e7 -> 
  custom:video-encoder-webm-vp8: eb34c28f22e8b96e1ab97ce403110664 -> 
  custom:audio-decoder-ogg-vorbis: bf7c407c2cedff20999df2af8eb42d56 -> 
  custom:audio-encoder-webm-vorbis: bf7c407c2cedff20999df2af8eb42d56 -> 
========================================================================
Received Import Request.
  Time since last request: 26478.480012 seconds.
  path: Assets/GamedevDreamer/Sprites/Spaceship.png
  artifactKey: Guid(cd82491a1562f894bb043cae1a9a8392) Importer(815301076,1909f56bfc062723c751e8b465ee728b)
Start importing Assets/GamedevDreamer/Sprites/Spaceship.png using Guid(cd82491a1562f894bb043cae1a9a8392) Importer(815301076,1909f56bfc062723c751e8b465ee728b)  -> (artifact id: '5ec50142625ed8af0acd85368853fd9f') in 0.174111 seconds 
Number of updated asset objects reloaded before import = 0
Number of asset objects unloaded after import = 3
========================================================================
Received Import Request.
  Time since last request: 9.381075 seconds.
  path: Assets/GamedevDreamer/Prefabs/Style/StyleJetEngine1.prefab
  artifactKey: Guid(f5ae2e8c8427a9349b987d6529c60e97) Importer(815301076,1909f56bfc062723c751e8b465ee728b)
Start importing Assets/GamedevDreamer/Prefabs/Style/StyleJetEngine1.prefab using Guid(f5ae2e8c8427a9349b987d6529c60e97) Importer(815301076,1909f56bfc062723c751e8b465ee728b)  -> (artifact id: '67c125b9022e5ae97a6ae89680291781') in 0.182607 seconds 
Number of updated asset objects reloaded before import = 0
Number of asset objects unloaded after import = 6
========================================================================
Received Import Request.
  Time since last request: 0.000022 seconds.
  path: Assets/GamedevDreamer/Prefabs/Style/StyleJetEngine2.prefab
  artifactKey: Guid(804b638c444f2134786dc8056bd3b4fb) Importer(815301076,1909f56bfc062723c751e8b465ee728b)
Start importing Assets/GamedevDreamer/Prefabs/Style/StyleJetEngine2.prefab using Guid(804b638c444f2134786dc8056bd3b4fb) Importer(815301076,1909f56bfc062723c751e8b465ee728b)  -> (artifact id: 'c6d67ea894065a0624a0df1931d19393') in 0.032449 seconds 
Number of updated asset objects reloaded before import = 0
Number of asset objects unloaded after import = 6
========================================================================
Received Import Request.
  Time since last request: 0.000029 seconds.
  path: Assets/GamedevDreamer/Prefabs/Style/StyleJetEngine3.prefab
  artifactKey: Guid(2008c3b8632fe3e4b9c11e87e2f860b2) Importer(815301076,1909f56bfc062723c751e8b465ee728b)
Start importing Assets/GamedevDreamer/Prefabs/Style/StyleJetEngine3.prefab using Guid(2008c3b8632fe3e4b9c11e87e2f860b2) Importer(815301076,1909f56bfc062723c751e8b465ee728b)  -> (artifact id: '616024431858e7bbef15fb2ddc683fef') in 0.029251 seconds 
Number of updated asset objects reloaded before import = 0
Number of asset objects unloaded after import = 6
========================================================================
Received Import Request.
  Time since last request: 12.522168 seconds.
  path: Assets/GamedevDreamer/Prefabs/Style1/Style1JetEngine2.prefab
  artifactKey: Guid(9685e520b6b516a438ef70d717969ce8) Importer(815301076,1909f56bfc062723c751e8b465ee728b)
Start importing Assets/GamedevDreamer/Prefabs/Style1/Style1JetEngine2.prefab using Guid(9685e520b6b516a438ef70d717969ce8) Importer(815301076,1909f56bfc062723c751e8b465ee728b)  -> (artifact id: '92061740eddc1179117e6f5a0fda9fe5') in 0.035060 seconds 
Number of updated asset objects reloaded before import = 0
Number of asset objects unloaded after import = 6
========================================================================
Received Import Request.
  Time since last request: 0.000140 seconds.
  path: Assets/GamedevDreamer/Prefabs/Style1/Style1JetEngine3.prefab
  artifactKey: Guid(dae0dfef4be00d442bea32dc2df45429) Importer(815301076,1909f56bfc062723c751e8b465ee728b)
Start importing Assets/GamedevDreamer/Prefabs/Style1/Style1JetEngine3.prefab using Guid(dae0dfef4be00d442bea32dc2df45429) Importer(815301076,1909f56bfc062723c751e8b465ee728b)  -> (artifact id: '271502ec6978005fbe79a4823d0b1c58') in 0.045580 seconds 
Number of updated asset objects reloaded before import = 0
Number of asset objects unloaded after import = 6
========================================================================
Received Import Request.
  Time since last request: 2.368212 seconds.
  path: Assets/GamedevDreamer/Prefabs/Style2/Style2JetEngine2.prefab
  artifactKey: Guid(70b1faf86880863459d024c76eeddd49) Importer(815301076,1909f56bfc062723c751e8b465ee728b)
Start importing Assets/GamedevDreamer/Prefabs/Style2/Style2JetEngine2.prefab using Guid(70b1faf86880863459d024c76eeddd49) Importer(815301076,1909f56bfc062723c751e8b465ee728b)  -> (artifact id: '0cbb2a57b171ad02c9d5dd4e79c892b5') in 0.023799 seconds 
Number of updated asset objects reloaded before import = 0
Number of asset objects unloaded after import = 6
========================================================================
Received Import Request.
  Time since last request: 0.000085 seconds.
  path: Assets/GamedevDreamer/Prefabs/Style2/Style2JetEngine4.prefab
  artifactKey: Guid(6963c004c000e504ea2071f9957c9b20) Importer(815301076,1909f56bfc062723c751e8b465ee728b)
Start importing Assets/GamedevDreamer/Prefabs/Style2/Style2JetEngine4.prefab using Guid(6963c004c000e504ea2071f9957c9b20) Importer(815301076,1909f56bfc062723c751e8b465ee728b)  -> (artifact id: '42669b6eda59d35869b4b4d74e614f6d') in 0.027647 seconds 
Number of updated asset objects reloaded before import = 0
Number of asset objects unloaded after import = 6
========================================================================
Received Import Request.
  Time since last request: 2.510934 seconds.
  path: Assets/GamedevDreamer/Prefabs/Style4/Style4JetEngine2.prefab
  artifactKey: Guid(46121eb33e864794db51e250921bf7ce) Importer(815301076,1909f56bfc062723c751e8b465ee728b)
Start importing Assets/GamedevDreamer/Prefabs/Style4/Style4JetEngine2.prefab using Guid(46121eb33e864794db51e250921bf7ce) Importer(815301076,1909f56bfc062723c751e8b465ee728b)  -> (artifact id: '5b0236050d49e6133b552a01a283688c') in 0.029831 seconds 
Number of updated asset objects reloaded before import = 0
Number of asset objects unloaded after import = 6
========================================================================
Received Import Request.
  Time since last request: 0.000151 seconds.
  path: Assets/GamedevDreamer/Prefabs/Style4/Style4JetEngine4.prefab
  artifactKey: Guid(2af83e86c565ff24f84f797027db3d97) Importer(815301076,1909f56bfc062723c751e8b465ee728b)
Start importing Assets/GamedevDreamer/Prefabs/Style4/Style4JetEngine4.prefab using Guid(2af83e86c565ff24f84f797027db3d97) Importer(815301076,1909f56bfc062723c751e8b465ee728b)  -> (artifact id: 'ae5c244ed704f0f20c1340fc58177eed') in 0.025428 seconds 
Number of updated asset objects reloaded before import = 0
Number of asset objects unloaded after import = 6
========================================================================
Received Import Request.
  Time since last request: 28.276957 seconds.
  path: Assets/GamedevDreamer/Prefabs/Style5/Style5JetEngine2.prefab
  artifactKey: Guid(bc1cdb73199599d43a33522f9be06d6e) Importer(815301076,1909f56bfc062723c751e8b465ee728b)
Start importing Assets/GamedevDreamer/Prefabs/Style5/Style5JetEngine2.prefab using Guid(bc1cdb73199599d43a33522f9be06d6e) Importer(815301076,1909f56bfc062723c751e8b465ee728b)  -> (artifact id: '1c8e847e135d61959c2ac9318633c10c') in 0.024372 seconds 
Number of updated asset objects reloaded before import = 0
Number of asset objects unloaded after import = 6
========================================================================
Received Import Request.
  Time since last request: 0.000076 seconds.
  path: Assets/GamedevDreamer/Prefabs/Style5/Style5JetEngine3.prefab
  artifactKey: Guid(4abce29b3b76bb54a92533173489e18f) Importer(815301076,1909f56bfc062723c751e8b465ee728b)
Start importing Assets/GamedevDreamer/Prefabs/Style5/Style5JetEngine3.prefab using Guid(4abce29b3b76bb54a92533173489e18f) Importer(815301076,1909f56bfc062723c751e8b465ee728b)  -> (artifact id: '11b145d69b689813c28b0740ce395887') in 0.036462 seconds 
Number of updated asset objects reloaded before import = 0
Number of asset objects unloaded after import = 6
========================================================================
Received Import Request.
  Time since last request: 3.522900 seconds.
  path: Assets/GamedevDreamer/Prefabs/Style6/Style6JetEngine2.prefab
  artifactKey: Guid(56273756be724bc40afeb0a9b2b213a3) Importer(815301076,1909f56bfc062723c751e8b465ee728b)
Start importing Assets/GamedevDreamer/Prefabs/Style6/Style6JetEngine2.prefab using Guid(56273756be724bc40afeb0a9b2b213a3) Importer(815301076,1909f56bfc062723c751e8b465ee728b)  -> (artifact id: 'cd9147282d57837f1b6b3066a274e91f') in 0.036980 seconds 
Number of updated asset objects reloaded before import = 0
Number of asset objects unloaded after import = 6
========================================================================
Received Import Request.
  Time since last request: 5.639694 seconds.
  path: Assets/GamedevDreamer/Prefabs/Style9/Style9JetEngine2.prefab
  artifactKey: Guid(51fe36d63f8e7354588a474deca5652d) Importer(815301076,1909f56bfc062723c751e8b465ee728b)
Start importing Assets/GamedevDreamer/Prefabs/Style9/Style9JetEngine2.prefab using Guid(51fe36d63f8e7354588a474deca5652d) Importer(815301076,1909f56bfc062723c751e8b465ee728b)  -> (artifact id: '83f0ffd46adbeb4aa6b8cb7857771c83') in 0.025678 seconds 
Number of updated asset objects reloaded before import = 0
Number of asset objects unloaded after import = 6
========================================================================
Received Import Request.
  Time since last request: 5.904246 seconds.
  path: Assets/GamedevDreamer/Prefabs/Style8/Style8JetEngine2.prefab
  artifactKey: Guid(9d1d273dfcd349143bd590329ef193a3) Importer(815301076,1909f56bfc062723c751e8b465ee728b)
Start importing Assets/GamedevDreamer/Prefabs/Style8/Style8JetEngine2.prefab using Guid(9d1d273dfcd349143bd590329ef193a3) Importer(815301076,1909f56bfc062723c751e8b465ee728b)  -> (artifact id: '8d70943826ff0942b81d7bbc07f989d0') in 0.029552 seconds 
Number of updated asset objects reloaded before import = 0
Number of asset objects unloaded after import = 6
========================================================================
Received Import Request.
  Time since last request: 10.759479 seconds.
  path: Assets/GamedevDreamer/Prefabs/Style7/Style7JetEngine2.prefab
  artifactKey: Guid(4cd6456bab5e5ff46a6ce01d1a6e0d55) Importer(815301076,1909f56bfc062723c751e8b465ee728b)
Start importing Assets/GamedevDreamer/Prefabs/Style7/Style7JetEngine2.prefab using Guid(4cd6456bab5e5ff46a6ce01d1a6e0d55) Importer(815301076,1909f56bfc062723c751e8b465ee728b)  -> (artifact id: '5844b807df21ea23e4588a48faa296cf') in 0.048621 seconds 
Number of updated asset objects reloaded before import = 0
Number of asset objects unloaded after import = 6
========================================================================
Received Import Request.
  Time since last request: 0.000025 seconds.
  path: Assets/GamedevDreamer/Prefabs/Style7/Style7JetEngine4.prefab
  artifactKey: Guid(41879cdbd44ae60448c8395d65c80949) Importer(815301076,1909f56bfc062723c751e8b465ee728b)
Start importing Assets/GamedevDreamer/Prefabs/Style7/Style7JetEngine4.prefab using Guid(41879cdbd44ae60448c8395d65c80949) Importer(815301076,1909f56bfc062723c751e8b465ee728b)  -> (artifact id: '2e540dd9a3e41c5e481f2cbcd7b44dd3') in 0.030331 seconds 
Number of updated asset objects reloaded before import = 0
Number of asset objects unloaded after import = 6
========================================================================
Received Import Request.
  Time since last request: 135.301569 seconds.
  path: Assets/Resources/Prefabs/BombPrefabs/black-handbomb Variant.prefab
  artifactKey: Guid(c44d403878925af4ea784c006c46e644) Importer(815301076,1909f56bfc062723c751e8b465ee728b)
Start importing Assets/Resources/Prefabs/BombPrefabs/black-handbomb Variant.prefab using Guid(c44d403878925af4ea784c006c46e644) Importer(815301076,1909f56bfc062723c751e8b465ee728b)  -> (artifact id: '2718d073779f3fbfb72e836b11c5d4f6') in 0.059759 seconds 
Number of updated asset objects reloaded before import = 0
Number of asset objects unloaded after import = 33
========================================================================
Received Prepare
Begin MonoManager ReloadAssembly
Symbol file LoadedFromMemory doesn't match image C:\Users\81804\OneDrive\ãƒ‡ã‚¹ã‚¯ãƒˆãƒƒãƒ—\bomb\bomb\Library\PackageCache\com.unity.visualscripting@1.8.0\Editor\VisualScripting.Core\Dependencies\YamlDotNet\Unity.VisualScripting.YamlDotNet.dll
Symbol file LoadedFromMemory doesn't match image C:\Users\81804\OneDrive\ãƒ‡ã‚¹ã‚¯ãƒˆãƒƒãƒ—\bomb\bomb\Library\PackageCache\com.unity.visualscripting@1.8.0\Editor\VisualScripting.Core\Dependencies\DotNetZip\Unity.VisualScripting.IonicZip.dll
- Loaded All Assemblies, in  0.919 seconds
Refreshing native plugins compatible for Editor in 3.83 ms, found 3 plugins.
Native extension for WindowsStandalone target not found
Mono: successfully reloaded assembly
- Finished resetting the current domain, in  1.053 seconds
Domain Reload Profiling:
	ReloadAssembly (275ms)
		BeginReloadAssembly (175ms)
			ExecutionOrderSort (0ms)
			DisableScriptedObjects (6ms)
			BackupInstance (0ms)
			ReleaseScriptingObjects (0ms)
			CreateAndSetChildDomain (49ms)
		LoadAllAssembliesAndSetupDomain (640ms)
			LoadAssemblies (395ms)
			RebuildTransferFunctionScriptingTraits (0ms)
			SetupTypeCache (321ms)
				TypeCache.Initialize (317ms)
					TypeCache.ScanAssembly (310ms)
				ResolveRequiredComponents (4ms)
		FinalizeReload (0ms)
			ReleaseScriptCaches (0ms)
			RebuildScriptCaches (0ms)
			SetupLoadedEditorAssemblies (311ms)
				LogAssemblyErrors (0ms)
				InitializePlatformSupportModulesInManaged (5ms)
				SetLoadedEditorAssemblies (4ms)
				RefreshPlugins (0ms)
				BeforeProcessingInitializeOnLoad (78ms)
				ProcessInitializeOnLoadAttributes (201ms)
				ProcessInitializeOnLoadMethodAttributes (17ms)
				AfterProcessingInitializeOnLoad (5ms)
				EditorAssembliesLoaded (0ms)
			ExecutionOrderSort2 (0ms)
			AwakeInstancesAfterBackupRestoration (6ms)
Refreshing native plugins compatible for Editor in 2.11 ms, found 3 plugins.
Preloading 0 native plugins for Editor in 0.00 ms.
Unloading 3133 Unused Serialized files (Serialized files now loaded: 0)
Unloading 27 unused Assets / (31.6 KB). Loaded Objects now: 3675.
Memory consumption went from 493.7 MB to 493.7 MB.
Total: 4.179400 ms (FindLiveObjects: 0.810400 ms CreateObjectMapping: 0.250600 ms MarkObjects: 2.995100 ms  DeleteObjects: 0.122200 ms)

Prepare: number of updated asset objects reloaded= 0
AssetImportParameters requested are different than current active one (requested -> active):
  custom:container-demuxer-ogg: 62fdf1f143b41e24485cea50d1cbac27 -> 
  custom:video-decoder-ogg-theora: a1e56fd34408186e4bbccfd4996cb3dc -> 
  custom:framework-win-MediaFoundation: 216162199b28c13a410421893ffa2e32 -> 
  custom:container-demuxer-webm: 4f35f7cbe854078d1ac9338744f61a02 -> 
  custom:container-muxer-webm: aa71ff27fc2769a1b78a27578f13a17b -> 
  custom:video-decoder-webm-vp8: 9c59270c3fd7afecdb556c50c9e8de78 -> 
  custom:AudioImporter_EditorPlatform: d09bf68614088b80899f8185d706f6e7 -> 
  custom:video-encoder-webm-vp8: eb34c28f22e8b96e1ab97ce403110664 -> 
  custom:audio-decoder-ogg-vorbis: bf7c407c2cedff20999df2af8eb42d56 -> 
  custom:audio-encoder-webm-vorbis: bf7c407c2cedff20999df2af8eb42d56 -> 
========================================================================
Received Import Request.
  Time since last request: 1794.559266 seconds.
  path: Assets/Resources/Prefabs/BombPrefabs/uploads_files_4174801_Bomb/Bomb.DAE
  artifactKey: Guid(1f06fbaae8c1ee243ba06c195cae6b1e) Importer(815301076,1909f56bfc062723c751e8b465ee728b)
Start importing Assets/Resources/Prefabs/BombPrefabs/uploads_files_4174801_Bomb/Bomb.DAE using Guid(1f06fbaae8c1ee243ba06c195cae6b1e) Importer(815301076,1909f56bfc062723c751e8b465ee728b)  -> (artifact id: 'fc615d7693b56179894e056f1f48781f') in 0.179642 seconds 
Number of updated asset objects reloaded before import = 0
Number of asset objects unloaded after import = 8
========================================================================
Received Import Request.
  Time since last request: 0.000031 seconds.
  path: Assets/Resources/Prefabs/BombPrefabs/uploads_files_4174801_Bomb/Bomb.FBX
  artifactKey: Guid(d91289d9a95dd59458dfde33358e8be2) Importer(815301076,1909f56bfc062723c751e8b465ee728b)
Start importing Assets/Resources/Prefabs/BombPrefabs/uploads_files_4174801_Bomb/Bomb.FBX using Guid(d91289d9a95dd59458dfde33358e8be2) Importer(815301076,1909f56bfc062723c751e8b465ee728b)  -> (artifact id: 'a6752300130598dc0839fa9e577daa2d') in 0.097248 seconds 
Number of updated asset objects reloaded before import = 0
Number of asset objects unloaded after import = 10
========================================================================
Received Import Request.
  Time since last request: 0.000023 seconds.
  path: Assets/Resources/Prefabs/BombPrefabs/uploads_files_4174801_Bomb/BombNormal.png
  artifactKey: Guid(99e3a17f28c4b924fa6a45bdf687c550) Importer(815301076,1909f56bfc062723c751e8b465ee728b)
Start importing Assets/Resources/Prefabs/BombPrefabs/uploads_files_4174801_Bomb/BombNormal.png using Guid(99e3a17f28c4b924fa6a45bdf687c550) Importer(815301076,1909f56bfc062723c751e8b465ee728b)  -> (artifact id: '836da10b1e18d3f194c37a1ea4d9640e') in 0.041627 seconds 
Number of updated asset objects reloaded before import = 0
Number of asset objects unloaded after import = 2
Editor requested this worker to shutdown with reason: Scaling down because of idle timeout
TcpMessagingSession - receive error: operation aborted. errorcode: 995, details: ƒXƒŒƒbƒh‚ÌI—¹‚Ü‚½‚ÍƒAƒvƒŠƒP[ƒVƒ‡ƒ“‚Ì—v‹‚É‚æ‚Á‚ÄAI/O ˆ—‚Í’†~‚³‚ê‚Ü‚µ‚½B
AssetImportWorker is now disconnected from the server
Process exiting
Exiting without the bug reporter. Application will terminate with return code 0